C51 COMPILER V9.01   TEXT                                                                  11/26/2016 20:19:21 PAGE 1   


C51 COMPILER V9.01, COMPILATION OF MODULE TEXT
OBJECT MODULE PLACED IN text.OBJ
COMPILER INVOKED BY: D:\Program Files\KEIL\C51\BIN\C51.EXE text.c BROWSE DEBUG OBJECTEXTEND

line level    source

   1          #include <reg52.h>
   2          #include <intrins.h>
   3          
   4          #define KEY_PRESS P1
   5          #define NUM_DISPLAY P0
   6          
   7          typedef unsigned char u8;
   8          typedef unsigned int u16;
   9          
  10          u8 lastnum;
  11          
  12          u8 code array[16]={0x3f,0x06,0x5b,0x4f,0x66,0x6d,0x7d,0x07,
  13                                                  0x7f,0x6f,0x77,0x7c,0x39,0x5e,0x79,0x71};
  14          
  15          void delay(u16 i)
  16          {
  17   1              while(i--)
  18   1              {
  19   2              
  20   2              }
  21   1      }
  22          
  23          void key_display(void)
  24          {
  25   1              char a = 0 ; 
  26   1              KEY_PRESS = 0x0f ;
  27   1              if (KEY_PRESS != 0x0f)
  28   1              {
  29   2                      delay(1000);
  30   2                      if (KEY_PRESS != 0x0f)
  31   2                      {
  32   3                              switch(KEY_PRESS)
  33   3                              {
  34   4                                      case(0x07) : lastnum = 0 ;break ;
  35   4                                      case(0x0b) : lastnum = 1 ;break ;
  36   4                                      case(0x0d) : lastnum = 2 ;break ;
  37   4                                      case(0x0e) : lastnum = 3 ;break ;
  38   4                              }
  39   3      
  40   3                              KEY_PRESS = 0xf0 ;
  41   3      
  42   3                              switch(KEY_PRESS)
  43   3                              {
  44   4                                      case(0x70) : lastnum = lastnum ;break ;
  45   4                                      case(0xb0) : lastnum = lastnum + 4 ;break ;
  46   4                                      case(0xd0) : lastnum = lastnum + 8 ;break ;
  47   4                                      case(0xe0) : lastnum = lastnum + 12 ;break ;
  48   4                              }
  49   3                              while((a<50) && (KEY_PRESS == 0xf0))
  50   3                              {
  51   4                                      delay(1000);
  52   4                                      a++;    
  53   4                              }
  54   3                      }
  55   2              }       
C51 COMPILER V9.01   TEXT                                                                  11/26/2016 20:19:21 PAGE 2   

  56   1      }
  57          
  58          
  59          void main()
  60          {
  61   1              while(1)
  62   1              {
  63   2                      key_display();
  64   2                      NUM_DISPLAY=~array[lastnum];
  65   2              }
  66   1      }


MODULE INFORMATION:   STATIC OVERLAYABLE
   CODE SIZE        =    153    ----
   CONSTANT SIZE    =     16    ----
   XDATA SIZE       =   ----    ----
   PDATA SIZE       =   ----    ----
   DATA SIZE        =      1       1
   IDATA SIZE       =   ----    ----
   BIT SIZE         =   ----    ----
END OF MODULE INFORMATION.


C51 COMPILATION COMPLETE.  0 WARNING(S),  0 ERROR(S)
