C51 COMPILER V9.01   MAIN                                                                  11/24/2016 19:48:37 PAGE 1   


C51 COMPILER V9.01, COMPILATION OF MODULE MAIN
OBJECT MODULE PLACED IN main.OBJ
COMPILER INVOKED BY: D:\Program Files\KEIL\C51\BIN\C51.EXE main.c BROWSE DEBUG OBJECTEXTEND

line level    source

   1          #include <reg52.h>
   2          #include <intrins.h>
   3          
   4          
   5          typedef unsigned char u8;
   6          typedef unsigned int u16;
   7          
   8          sbit lsa = P1^0;
   9          sbit lsb = P1^1;
  10          sbit lsc = P1^2;
  11          
  12          u8 code num[16]= {0x3f,0x06,0x5b,0x4f,0x66,0x6d,0x7d,0x07,
  13                                                  0x7f,0x6f,0x77,0x7c,0x39,0x5e,0x79,0x71};
  14          
  15          void delay(u16 i){
  16   1              while(i--){
  17   2              
  18   2              }
  19   1      }
  20          
  21          
  22          void digtal_display(){
  23   1              u8 i;
  24   1              for(i=0;i<8;i++){
  25   2                      switch (i){
  26   3                              case 0 :
  27   3                                      lsa = 0 ;lsb = 0 ;lsc = 0 ;break ;
  28   3                              case 1 :
  29   3                                      lsa = 1 ;lsb = 0 ;lsc = 0 ;break ;
  30   3                              case 2 :
  31   3                                      lsa = 0 ;lsb = 1 ;lsc = 0 ;break ;
  32   3                              case 3 :
  33   3                                      lsa = 1 ;lsb = 1 ;lsc = 0 ;break ;
  34   3                              case 4 :
  35   3                                      lsa = 0 ;lsb = 0 ;lsc = 1 ;break ;
  36   3                              case 5 :
  37   3                                      lsa = 1 ;lsb = 0 ;lsc = 1 ;break ;
  38   3                              case 6 :
  39   3                                      lsa = 0 ;lsb = 1 ;lsc = 1 ;break ;
  40   3                              case 7 :
  41   3                                      lsa = 1 ;lsb = 1 ;lsc = 1 ;break ;
  42   3                      }
  43   2                      P0 = num[i];
  44   2                      delay(100);
  45   2                      P0 = 0x00;          
  46   2              }
  47   1      }
  48          
  49          void main(){
  50   1              P0=num[0];
  51   1              while(1){
  52   2                      digtal_display();
  53   2              }
  54   1      }

C51 COMPILER V9.01   MAIN                                                                  11/24/2016 19:48:37 PAGE 2   


MODULE INFORMATION:   STATIC OVERLAYABLE
   CODE SIZE        =    132    ----
   CONSTANT SIZE    =     16    ----
   XDATA SIZE       =   ----    ----
   PDATA SIZE       =   ----    ----
   DATA SIZE        =   ----    ----
   IDATA SIZE       =   ----    ----
   BIT SIZE         =   ----    ----
END OF MODULE INFORMATION.


C51 COMPILATION COMPLETE.  0 WARNING(S),  0 ERROR(S)
